2020/09/23 19:16:03 [emerg] 1#1: host not found in upstream "http-site" in /etc/nginx/conf.d/default.conf:6
2020/09/23 19:16:06 [emerg] 1#1: host not found in upstream "http-site" in /etc/nginx/conf.d/default.conf:6
2020/09/23 19:16:09 [emerg] 1#1: host not found in upstream "http-site" in /etc/nginx/conf.d/default.conf:6
2020/09/23 19:16:12 [emerg] 1#1: host not found in upstream "http-site" in /etc/nginx/conf.d/default.conf:6
2020/09/23 19:16:15 [emerg] 1#1: host not found in upstream "http-site" in /etc/nginx/conf.d/default.conf:6
2020/09/23 19:16:18 [emerg] 1#1: host not found in upstream "http-site" in /etc/nginx/conf.d/default.conf:6
2020/09/23 19:16:26 [emerg] 1#1: host not found in upstream "http-site" in /etc/nginx/conf.d/default.conf:6
2020/09/23 19:16:29 [emerg] 1#1: host not found in upstream "http-site" in /etc/nginx/conf.d/default.conf:6
2020/09/23 19:16:32 [emerg] 1#1: host not found in upstream "http-site" in /etc/nginx/conf.d/default.conf:6
2020/09/23 19:16:35 [emerg] 1#1: host not found in upstream "http-cdn" in /etc/nginx/conf.d/default.conf:43
2020/09/23 19:16:38 [emerg] 1#1: host not found in upstream "http-cdn" in /etc/nginx/conf.d/default.conf:43
2020/09/23 19:16:41 [emerg] 1#1: host not found in upstream "http-cdn" in /etc/nginx/conf.d/default.conf:43
2020/09/23 19:16:46 [emerg] 1#1: host not found in upstream "http-cdn" in /etc/nginx/conf.d/default.conf:43
2020/09/23 19:16:54 [emerg] 1#1: host not found in upstream "http-cdn" in /etc/nginx/conf.d/default.conf:43
2020/09/23 19:17:08 [emerg] 1#1: host not found in upstream "http-cdn" in /etc/nginx/conf.d/default.conf:43
2020/09/23 19:17:35 [emerg] 1#1: host not found in upstream "http-cdn" in /etc/nginx/conf.d/default.conf:43
2020/09/23 19:21:31 [emerg] 1#1: invalid port in upstream "_::8081" in /etc/nginx/conf.d/default.conf:42
2020/09/23 19:21:33 [emerg] 1#1: invalid port in upstream "_::8081" in /etc/nginx/conf.d/default.conf:42
2020/09/23 19:21:36 [emerg] 1#1: invalid port in upstream "_::8081" in /etc/nginx/conf.d/default.conf:42
2020/09/23 19:21:39 [emerg] 1#1: invalid port in upstream "_::8081" in /etc/nginx/conf.d/default.conf:42
2020/09/23 19:21:41 [emerg] 1#1: invalid port in upstream "_::8081" in /etc/nginx/conf.d/default.conf:42
2020/09/23 19:21:44 [emerg] 1#1: invalid port in upstream "_::8081" in /etc/nginx/conf.d/default.conf:42
2020/09/23 19:21:49 [emerg] 1#1: invalid port in upstream "_::8081" in /etc/nginx/conf.d/default.conf:42
2020/09/23 19:21:57 [emerg] 1#1: invalid port in upstream "_::8081" in /etc/nginx/conf.d/default.conf:42
2020/09/23 19:22:11 [emerg] 1#1: invalid port in upstream "_::8081" in /etc/nginx/conf.d/default.conf:42
2020/09/23 19:22:38 [emerg] 1#1: invalid port in upstream "_::8081" in /etc/nginx/conf.d/default.conf:42
2020/09/23 19:23:22 [emerg] 1#1: invalid port in upstream "127.0.0.1::8081" in /etc/nginx/conf.d/default.conf:42
2020/09/23 19:23:25 [emerg] 1#1: invalid port in upstream "127.0.0.1::8081" in /etc/nginx/conf.d/default.conf:42
2020/09/23 19:23:28 [emerg] 1#1: invalid port in upstream "127.0.0.1::8081" in /etc/nginx/conf.d/default.conf:42
2020/09/23 19:23:30 [emerg] 1#1: invalid port in upstream "127.0.0.1::8081" in /etc/nginx/conf.d/default.conf:42
2020/09/23 19:23:33 [emerg] 1#1: invalid port in upstream "127.0.0.1::8081" in /etc/nginx/conf.d/default.conf:42
2020/09/23 19:26:44 [emerg] 1#1: host not found in upstream "_cdn" in /etc/nginx/conf.d/default.conf:2
2020/09/23 19:26:47 [emerg] 1#1: host not found in upstream "_cdn" in /etc/nginx/conf.d/default.conf:2
2020/09/23 19:26:49 [emerg] 1#1: host not found in upstream "_cdn" in /etc/nginx/conf.d/default.conf:2
2020/09/23 19:26:52 [emerg] 1#1: host not found in upstream "_cdn" in /etc/nginx/conf.d/default.conf:2
2020/09/23 19:26:55 [emerg] 1#1: host not found in upstream "_cdn" in /etc/nginx/conf.d/default.conf:2
2020/09/23 19:26:58 [emerg] 1#1: host not found in upstream "_cdn" in /etc/nginx/conf.d/default.conf:2
2020/09/23 19:27:03 [emerg] 1#1: host not found in upstream "_cdn" in /etc/nginx/conf.d/default.conf:2
2020/09/23 19:27:11 [emerg] 1#1: host not found in upstream "_cdn" in /etc/nginx/conf.d/default.conf:2
2020/09/23 19:27:25 [emerg] 1#1: host not found in upstream "_cdn" in /etc/nginx/conf.d/default.conf:2
2020/09/23 19:27:35 [emerg] 1#1: host not found in upstream "_cdn" in /etc/nginx/conf.d/default.conf:2
2020/09/23 19:27:38 [emerg] 1#1: host not found in upstream "_cdn" in /etc/nginx/conf.d/default.conf:2
2020/09/23 19:27:40 [emerg] 1#1: host not found in upstream "_cdn" in /etc/nginx/conf.d/default.conf:2
2020/09/23 19:27:43 [emerg] 1#1: host not found in upstream "_cdn" in /etc/nginx/conf.d/default.conf:2
2020/09/23 19:27:46 [emerg] 1#1: host not found in upstream "_cdn" in /etc/nginx/conf.d/default.conf:2
2020/09/23 19:31:16 [error] 9#9: *2 open() "/var/www/favicon.ico" failed (2: No such file or directory), client: 192.168.240.4, server: , request: "GET /favicon.ico HTTP/1.0", host: "cdn.invlabsserver.local", referrer: "http://cdn.invlabsserver.local/media/test.png"
